Compiling the C compiler identification source file "CMakeCCompilerId.c" failed.
Compiler: /home/amarjay/zephyr-sdk-0.17.4/xtensa-espressif_esp32s3_zephyr-elf/bin/xtensa-espressif_esp32s3_zephyr-elf-gcc 
Build flags: 
Id flags:  

The output was:
1
/home/amarjay/zephyr-sdk-0.17.4/xtensa-espressif_esp32s3_zephyr-elf/bin/../lib/gcc/xtensa-espressif_esp32s3_zephyr-elf/12.2.0/../../../../xtensa-espressif_esp32s3_zephyr-elf/bin/ld: cannot find _vectors.o: No such file or directory
/home/amarjay/zephyr-sdk-0.17.4/xtensa-espressif_esp32s3_zephyr-elf/bin/../lib/gcc/xtensa-espressif_esp32s3_zephyr-elf/12.2.0/../../../../xtensa-espressif_esp32s3_zephyr-elf/bin/ld: cannot find -lhandlers-sim: No such file or directory
/home/amarjay/zephyr-sdk-0.17.4/xtensa-espressif_esp32s3_zephyr-elf/bin/../lib/gcc/xtensa-espressif_esp32s3_zephyr-elf/12.2.0/../../../../xtensa-espressif_esp32s3_zephyr-elf/bin/ld: cannot find -lhal: No such file or directory
collect2: error: ld returned 1 exit status


Compiling the CXX compiler identification source file "CMakeCXXCompilerId.cpp" failed.
Compiler: /home/amarjay/zephyr-sdk-0.17.4/xtensa-espressif_esp32s3_zephyr-elf/bin/xtensa-espressif_esp32s3_zephyr-elf-g++ 
Build flags: 
Id flags:  

The output was:
1
/home/amarjay/zephyr-sdk-0.17.4/xtensa-espressif_esp32s3_zephyr-elf/bin/../lib/gcc/xtensa-espressif_esp32s3_zephyr-elf/12.2.0/../../../../xtensa-espressif_esp32s3_zephyr-elf/bin/ld: cannot find _vectors.o: No such file or directory
/home/amarjay/zephyr-sdk-0.17.4/xtensa-espressif_esp32s3_zephyr-elf/bin/../lib/gcc/xtensa-espressif_esp32s3_zephyr-elf/12.2.0/../../../../xtensa-espressif_esp32s3_zephyr-elf/bin/ld: cannot find -lhandlers-sim: No such file or directory
/home/amarjay/zephyr-sdk-0.17.4/xtensa-espressif_esp32s3_zephyr-elf/bin/../lib/gcc/xtensa-espressif_esp32s3_zephyr-elf/12.2.0/../../../../xtensa-espressif_esp32s3_zephyr-elf/bin/ld: cannot find -lhal: No such file or directory
collect2: error: ld returned 1 exit status


